2024-05-15 16:34:17,353 [Worker-2: Loading available Gradle versions] INFO  o.e.b.c.i.u.g.PublishedGradleVersions - Gradle version information cache is up-to-date. Trying to read.
2024-05-15 16:35:18,426 [Worker-5: Launching mavenrun-32c5668e-d57c-4999-a11a-90d376e14c12] INFO  o.eclipse.m2e.core.internal.Bundles - getClasspathEntries(Bundle=org.eclipse.m2e.maven.runtime_3.9.500.20231113-2345 [297])
2024-05-15 16:35:18,430 [Worker-5: Launching mavenrun-32c5668e-d57c-4999-a11a-90d376e14c12] INFO  o.eclipse.m2e.core.internal.Bundles - 	Entry: C:\Users\agurupandian1\.p2\pool\plugins\org.eclipse.m2e.maven.runtime_3.9.500.20231113-2345
2024-05-15 16:35:18,431 [Worker-5: Launching mavenrun-32c5668e-d57c-4999-a11a-90d376e14c12] INFO  o.eclipse.m2e.core.internal.Bundles - 	Entry: C:\Users\agurupandian1\.p2\pool\plugins\org.eclipse.m2e.maven.runtime_3.9.500.20231113-2345\jars\aopalliance-1.0.jar
2024-05-15 16:35:18,432 [Worker-5: Launching mavenrun-32c5668e-d57c-4999-a11a-90d376e14c12] INFO  o.eclipse.m2e.core.internal.Bundles - 	Entry: C:\Users\agurupandian1\.p2\pool\plugins\org.eclipse.m2e.maven.runtime_3.9.500.20231113-2345\jars\guice-5.1.0.jar
2024-05-15 16:35:18,433 [Worker-5: Launching mavenrun-32c5668e-d57c-4999-a11a-90d376e14c12] INFO  o.eclipse.m2e.core.internal.Bundles - 	Entry: C:\Users\agurupandian1\.p2\pool\plugins\org.eclipse.m2e.maven.runtime_3.9.500.20231113-2345\jars\httpclient-4.5.14.jar
2024-05-15 16:35:18,433 [Worker-5: Launching mavenrun-32c5668e-d57c-4999-a11a-90d376e14c12] INFO  o.eclipse.m2e.core.internal.Bundles - 	Entry: C:\Users\agurupandian1\.p2\pool\plugins\org.eclipse.m2e.maven.runtime_3.9.500.20231113-2345\jars\httpcore-4.4.16.jar
2024-05-15 16:35:18,433 [Worker-5: Launching mavenrun-32c5668e-d57c-4999-a11a-90d376e14c12] INFO  o.eclipse.m2e.core.internal.Bundles - 	Entry: C:\Users\agurupandian1\.p2\pool\plugins\org.eclipse.m2e.maven.runtime_3.9.500.20231113-2345\jars\jansi-2.4.0.jar
2024-05-15 16:35:18,434 [Worker-5: Launching mavenrun-32c5668e-d57c-4999-a11a-90d376e14c12] INFO  o.eclipse.m2e.core.internal.Bundles - 	Entry: C:\Users\agurupandian1\.p2\pool\plugins\org.eclipse.m2e.maven.runtime_3.9.500.20231113-2345\jars\jcl-over-slf4j-1.7.36.jar
2024-05-15 16:35:18,434 [Worker-5: Launching mavenrun-32c5668e-d57c-4999-a11a-90d376e14c12] INFO  o.eclipse.m2e.core.internal.Bundles - 	Entry: C:\Users\agurupandian1\.p2\pool\plugins\org.eclipse.m2e.maven.runtime_3.9.500.20231113-2345\jars\maven-artifact-3.9.5.jar
2024-05-15 16:35:18,434 [Worker-5: Launching mavenrun-32c5668e-d57c-4999-a11a-90d376e14c12] INFO  o.eclipse.m2e.core.internal.Bundles - 	Entry: C:\Users\agurupandian1\.p2\pool\plugins\org.eclipse.m2e.maven.runtime_3.9.500.20231113-2345\jars\maven-builder-support-3.9.5.jar
2024-05-15 16:35:18,434 [Worker-5: Launching mavenrun-32c5668e-d57c-4999-a11a-90d376e14c12] INFO  o.eclipse.m2e.core.internal.Bundles - 	Entry: C:\Users\agurupandian1\.p2\pool\plugins\org.eclipse.m2e.maven.runtime_3.9.500.20231113-2345\jars\maven-compat-3.9.5.jar
2024-05-15 16:35:18,434 [Worker-5: Launching mavenrun-32c5668e-d57c-4999-a11a-90d376e14c12] INFO  o.eclipse.m2e.core.internal.Bundles - 	Entry: C:\Users\agurupandian1\.p2\pool\plugins\org.eclipse.m2e.maven.runtime_3.9.500.20231113-2345\jars\maven-core-3.9.5.jar
2024-05-15 16:35:18,434 [Worker-5: Launching mavenrun-32c5668e-d57c-4999-a11a-90d376e14c12] INFO  o.eclipse.m2e.core.internal.Bundles - 	Entry: C:\Users\agurupandian1\.p2\pool\plugins\org.eclipse.m2e.maven.runtime_3.9.500.20231113-2345\jars\maven-embedder-3.9.5.jar
2024-05-15 16:35:18,435 [Worker-5: Launching mavenrun-32c5668e-d57c-4999-a11a-90d376e14c12] INFO  o.eclipse.m2e.core.internal.Bundles - 	Entry: C:\Users\agurupandian1\.p2\pool\plugins\org.eclipse.m2e.maven.runtime_3.9.500.20231113-2345\jars\maven-model-3.9.5.jar
2024-05-15 16:35:18,435 [Worker-5: Launching mavenrun-32c5668e-d57c-4999-a11a-90d376e14c12] INFO  o.eclipse.m2e.core.internal.Bundles - 	Entry: C:\Users\agurupandian1\.p2\pool\plugins\org.eclipse.m2e.maven.runtime_3.9.500.20231113-2345\jars\maven-model-builder-3.9.5.jar
2024-05-15 16:35:18,435 [Worker-5: Launching mavenrun-32c5668e-d57c-4999-a11a-90d376e14c12] INFO  o.eclipse.m2e.core.internal.Bundles - 	Entry: C:\Users\agurupandian1\.p2\pool\plugins\org.eclipse.m2e.maven.runtime_3.9.500.20231113-2345\jars\maven-plugin-api-3.9.5.jar
2024-05-15 16:35:18,435 [Worker-5: Launching mavenrun-32c5668e-d57c-4999-a11a-90d376e14c12] INFO  o.eclipse.m2e.core.internal.Bundles - 	Entry: C:\Users\agurupandian1\.p2\pool\plugins\org.eclipse.m2e.maven.runtime_3.9.500.20231113-2345\jars\maven-repository-metadata-3.9.5.jar
2024-05-15 16:35:18,435 [Worker-5: Launching mavenrun-32c5668e-d57c-4999-a11a-90d376e14c12] INFO  o.eclipse.m2e.core.internal.Bundles - 	Entry: C:\Users\agurupandian1\.p2\pool\plugins\org.eclipse.m2e.maven.runtime_3.9.500.20231113-2345\jars\maven-resolver-api-1.9.16.jar
2024-05-15 16:35:18,436 [Worker-5: Launching mavenrun-32c5668e-d57c-4999-a11a-90d376e14c12] INFO  o.eclipse.m2e.core.internal.Bundles - 	Entry: C:\Users\agurupandian1\.p2\pool\plugins\org.eclipse.m2e.maven.runtime_3.9.500.20231113-2345\jars\maven-resolver-connector-basic-1.9.16.jar
2024-05-15 16:35:18,436 [Worker-5: Launching mavenrun-32c5668e-d57c-4999-a11a-90d376e14c12] INFO  o.eclipse.m2e.core.internal.Bundles - 	Entry: C:\Users\agurupandian1\.p2\pool\plugins\org.eclipse.m2e.maven.runtime_3.9.500.20231113-2345\jars\maven-resolver-impl-1.9.16.jar
2024-05-15 16:35:18,436 [Worker-5: Launching mavenrun-32c5668e-d57c-4999-a11a-90d376e14c12] INFO  o.eclipse.m2e.core.internal.Bundles - 	Entry: C:\Users\agurupandian1\.p2\pool\plugins\org.eclipse.m2e.maven.runtime_3.9.500.20231113-2345\jars\maven-resolver-named-locks-1.9.16.jar
2024-05-15 16:35:18,436 [Worker-5: Launching mavenrun-32c5668e-d57c-4999-a11a-90d376e14c12] INFO  o.eclipse.m2e.core.internal.Bundles - 	Entry: C:\Users\agurupandian1\.p2\pool\plugins\org.eclipse.m2e.maven.runtime_3.9.500.20231113-2345\jars\maven-resolver-provider-3.9.5.jar
2024-05-15 16:35:18,436 [Worker-5: Launching mavenrun-32c5668e-d57c-4999-a11a-90d376e14c12] INFO  o.eclipse.m2e.core.internal.Bundles - 	Entry: C:\Users\agurupandian1\.p2\pool\plugins\org.eclipse.m2e.maven.runtime_3.9.500.20231113-2345\jars\maven-resolver-spi-1.9.16.jar
2024-05-15 16:35:18,436 [Worker-5: Launching mavenrun-32c5668e-d57c-4999-a11a-90d376e14c12] INFO  o.eclipse.m2e.core.internal.Bundles - 	Entry: C:\Users\agurupandian1\.p2\pool\plugins\org.eclipse.m2e.maven.runtime_3.9.500.20231113-2345\jars\maven-resolver-transport-file-1.9.16.jar
2024-05-15 16:35:18,436 [Worker-5: Launching mavenrun-32c5668e-d57c-4999-a11a-90d376e14c12] INFO  o.eclipse.m2e.core.internal.Bundles - 	Entry: C:\Users\agurupandian1\.p2\pool\plugins\org.eclipse.m2e.maven.runtime_3.9.500.20231113-2345\jars\maven-resolver-transport-http-1.9.16.jar
2024-05-15 16:35:18,437 [Worker-5: Launching mavenrun-32c5668e-d57c-4999-a11a-90d376e14c12] INFO  o.eclipse.m2e.core.internal.Bundles - 	Entry: C:\Users\agurupandian1\.p2\pool\plugins\org.eclipse.m2e.maven.runtime_3.9.500.20231113-2345\jars\maven-resolver-transport-wagon-1.9.16.jar
2024-05-15 16:35:18,437 [Worker-5: Launching mavenrun-32c5668e-d57c-4999-a11a-90d376e14c12] INFO  o.eclipse.m2e.core.internal.Bundles - 	Entry: C:\Users\agurupandian1\.p2\pool\plugins\org.eclipse.m2e.maven.runtime_3.9.500.20231113-2345\jars\maven-resolver-util-1.9.16.jar
2024-05-15 16:35:18,437 [Worker-5: Launching mavenrun-32c5668e-d57c-4999-a11a-90d376e14c12] INFO  o.eclipse.m2e.core.internal.Bundles - 	Entry: C:\Users\agurupandian1\.p2\pool\plugins\org.eclipse.m2e.maven.runtime_3.9.500.20231113-2345\jars\maven-settings-3.9.5.jar
2024-05-15 16:35:18,437 [Worker-5: Launching mavenrun-32c5668e-d57c-4999-a11a-90d376e14c12] INFO  o.eclipse.m2e.core.internal.Bundles - 	Entry: C:\Users\agurupandian1\.p2\pool\plugins\org.eclipse.m2e.maven.runtime_3.9.500.20231113-2345\jars\maven-settings-builder-3.9.5.jar
2024-05-15 16:35:18,437 [Worker-5: Launching mavenrun-32c5668e-d57c-4999-a11a-90d376e14c12] INFO  o.eclipse.m2e.core.internal.Bundles - 	Entry: C:\Users\agurupandian1\.p2\pool\plugins\org.eclipse.m2e.maven.runtime_3.9.500.20231113-2345\jars\maven-shared-utils-3.3.4.jar
2024-05-15 16:35:18,437 [Worker-5: Launching mavenrun-32c5668e-d57c-4999-a11a-90d376e14c12] INFO  o.eclipse.m2e.core.internal.Bundles - 	Entry: C:\Users\agurupandian1\.p2\pool\plugins\org.eclipse.m2e.maven.runtime_3.9.500.20231113-2345\jars\org.eclipse.sisu.inject-0.3.5.jar
2024-05-15 16:35:18,438 [Worker-5: Launching mavenrun-32c5668e-d57c-4999-a11a-90d376e14c12] INFO  o.eclipse.m2e.core.internal.Bundles - 	Entry: C:\Users\agurupandian1\.p2\pool\plugins\org.eclipse.m2e.maven.runtime_3.9.500.20231113-2345\jars\org.eclipse.sisu.plexus-0.3.5.jar
2024-05-15 16:35:18,438 [Worker-5: Launching mavenrun-32c5668e-d57c-4999-a11a-90d376e14c12] INFO  o.eclipse.m2e.core.internal.Bundles - 	Entry: C:\Users\agurupandian1\.p2\pool\plugins\org.eclipse.m2e.maven.runtime_3.9.500.20231113-2345\jars\plexus-build-api-0.0.7.jar
2024-05-15 16:35:18,438 [Worker-5: Launching mavenrun-32c5668e-d57c-4999-a11a-90d376e14c12] INFO  o.eclipse.m2e.core.internal.Bundles - 	Entry: C:\Users\agurupandian1\.p2\pool\plugins\org.eclipse.m2e.maven.runtime_3.9.500.20231113-2345\jars\plexus-cipher-2.0.jar
2024-05-15 16:35:18,438 [Worker-5: Launching mavenrun-32c5668e-d57c-4999-a11a-90d376e14c12] INFO  o.eclipse.m2e.core.internal.Bundles - 	Entry: C:\Users\agurupandian1\.p2\pool\plugins\org.eclipse.m2e.maven.runtime_3.9.500.20231113-2345\jars\plexus-classworlds-2.7.0.jar
2024-05-15 16:35:18,438 [Worker-5: Launching mavenrun-32c5668e-d57c-4999-a11a-90d376e14c12] INFO  o.eclipse.m2e.core.internal.Bundles - 	Entry: C:\Users\agurupandian1\.p2\pool\plugins\org.eclipse.m2e.maven.runtime_3.9.500.20231113-2345\jars\plexus-component-annotations-2.1.0.jar
2024-05-15 16:35:18,438 [Worker-5: Launching mavenrun-32c5668e-d57c-4999-a11a-90d376e14c12] INFO  o.eclipse.m2e.core.internal.Bundles - 	Entry: C:\Users\agurupandian1\.p2\pool\plugins\org.eclipse.m2e.maven.runtime_3.9.500.20231113-2345\jars\plexus-interpolation-1.26.jar
2024-05-15 16:35:18,439 [Worker-5: Launching mavenrun-32c5668e-d57c-4999-a11a-90d376e14c12] INFO  o.eclipse.m2e.core.internal.Bundles - 	Entry: C:\Users\agurupandian1\.p2\pool\plugins\org.eclipse.m2e.maven.runtime_3.9.500.20231113-2345\jars\plexus-sec-dispatcher-2.0.jar
2024-05-15 16:35:18,439 [Worker-5: Launching mavenrun-32c5668e-d57c-4999-a11a-90d376e14c12] INFO  o.eclipse.m2e.core.internal.Bundles - 	Entry: C:\Users\agurupandian1\.p2\pool\plugins\org.eclipse.m2e.maven.runtime_3.9.500.20231113-2345\jars\plexus-utils-3.5.1.jar
2024-05-15 16:35:18,439 [Worker-5: Launching mavenrun-32c5668e-d57c-4999-a11a-90d376e14c12] INFO  o.eclipse.m2e.core.internal.Bundles - 	Entry: C:\Users\agurupandian1\.p2\pool\plugins\org.eclipse.m2e.maven.runtime_3.9.500.20231113-2345\jars\wagon-file-3.5.3.jar
2024-05-15 16:35:18,439 [Worker-5: Launching mavenrun-32c5668e-d57c-4999-a11a-90d376e14c12] INFO  o.eclipse.m2e.core.internal.Bundles - 	Entry: C:\Users\agurupandian1\.p2\pool\plugins\org.eclipse.m2e.maven.runtime_3.9.500.20231113-2345\jars\wagon-http-3.5.3.jar
2024-05-15 16:35:18,439 [Worker-5: Launching mavenrun-32c5668e-d57c-4999-a11a-90d376e14c12] INFO  o.eclipse.m2e.core.internal.Bundles - 	Entry: C:\Users\agurupandian1\.p2\pool\plugins\org.eclipse.m2e.maven.runtime_3.9.500.20231113-2345\jars\wagon-http-shared-3.5.3.jar
2024-05-15 16:35:18,439 [Worker-5: Launching mavenrun-32c5668e-d57c-4999-a11a-90d376e14c12] INFO  o.eclipse.m2e.core.internal.Bundles - 	Entry: C:\Users\agurupandian1\.p2\pool\plugins\org.eclipse.m2e.maven.runtime_3.9.500.20231113-2345\jars\wagon-provider-api-3.5.3.jar
2024-05-15 16:35:18,442 [Worker-5: Launching mavenrun-32c5668e-d57c-4999-a11a-90d376e14c12] INFO  o.eclipse.m2e.core.internal.Bundles - getClasspathEntries(Bundle=com.google.guava_32.1.3.jre [10])
2024-05-15 16:35:18,443 [Worker-5: Launching mavenrun-32c5668e-d57c-4999-a11a-90d376e14c12] INFO  o.eclipse.m2e.core.internal.Bundles - 	Entry: C:\Users\agurupandian1\.p2\pool\plugins\com.google.guava_32.1.3.jre.jar
2024-05-15 16:35:18,443 [Worker-5: Launching mavenrun-32c5668e-d57c-4999-a11a-90d376e14c12] INFO  o.eclipse.m2e.core.internal.Bundles - getClasspathEntries(Bundle=slf4j.api_2.0.11 [517])
2024-05-15 16:35:18,444 [Worker-5: Launching mavenrun-32c5668e-d57c-4999-a11a-90d376e14c12] INFO  o.eclipse.m2e.core.internal.Bundles - 	Entry: C:\Users\agurupandian1\.p2\pool\plugins\slf4j.api_2.0.11.jar
2024-05-15 16:35:18,444 [Worker-5: Launching mavenrun-32c5668e-d57c-4999-a11a-90d376e14c12] INFO  o.eclipse.m2e.core.internal.Bundles - getClasspathEntries(Bundle=jakarta.inject.jakarta.inject-api_1.0.5 [22])
2024-05-15 16:35:18,444 [Worker-5: Launching mavenrun-32c5668e-d57c-4999-a11a-90d376e14c12] INFO  o.eclipse.m2e.core.internal.Bundles - 	Entry: C:\Users\agurupandian1\.p2\pool\plugins\jakarta.inject.jakarta.inject-api_1.0.5.jar
2024-05-15 16:35:18,444 [Worker-5: Launching mavenrun-32c5668e-d57c-4999-a11a-90d376e14c12] INFO  o.eclipse.m2e.core.internal.Bundles - getClasspathEntries(Bundle=jakarta.annotation-api_1.3.5 [20])
2024-05-15 16:35:18,445 [Worker-5: Launching mavenrun-32c5668e-d57c-4999-a11a-90d376e14c12] INFO  o.eclipse.m2e.core.internal.Bundles - 	Entry: C:\Users\agurupandian1\.p2\pool\plugins\jakarta.annotation-api_1.3.5.jar
2024-05-15 16:35:18,445 [Worker-5: Launching mavenrun-32c5668e-d57c-4999-a11a-90d376e14c12] INFO  o.eclipse.m2e.core.internal.Bundles - getClasspathEntries(Bundle=org.apache.commons.cli_1.6.0 [46])
2024-05-15 16:35:18,445 [Worker-5: Launching mavenrun-32c5668e-d57c-4999-a11a-90d376e14c12] INFO  o.eclipse.m2e.core.internal.Bundles - 	Entry: C:\Users\agurupandian1\.p2\pool\plugins\org.apache.commons.cli_1.6.0.jar
2024-05-15 16:35:18,445 [Worker-5: Launching mavenrun-32c5668e-d57c-4999-a11a-90d376e14c12] INFO  o.eclipse.m2e.core.internal.Bundles - getClasspathEntries(Bundle=org.apache.commons.commons-codec_1.16.0 [48])
2024-05-15 16:35:18,445 [Worker-5: Launching mavenrun-32c5668e-d57c-4999-a11a-90d376e14c12] INFO  o.eclipse.m2e.core.internal.Bundles - 	Entry: C:\Users\agurupandian1\.p2\pool\plugins\org.apache.commons.commons-codec_1.16.0.jar
2024-05-15 16:35:18,445 [Worker-5: Launching mavenrun-32c5668e-d57c-4999-a11a-90d376e14c12] INFO  o.eclipse.m2e.core.internal.Bundles - getClasspathEntries(Bundle=org.apache.commons.lang3_3.13.0 [53])
2024-05-15 16:35:18,446 [Worker-5: Launching mavenrun-32c5668e-d57c-4999-a11a-90d376e14c12] INFO  o.eclipse.m2e.core.internal.Bundles - 	Entry: C:\Users\agurupandian1\.p2\pool\plugins\org.apache.commons.lang3_3.13.0.jar
2024-05-15 16:35:18,446 [Worker-5: Launching mavenrun-32c5668e-d57c-4999-a11a-90d376e14c12] INFO  o.eclipse.m2e.core.internal.Bundles - getClasspathEntries(Bundle=com.google.guava.failureaccess_1.0.2 [11])
2024-05-15 16:35:18,447 [Worker-5: Launching mavenrun-32c5668e-d57c-4999-a11a-90d376e14c12] INFO  o.eclipse.m2e.core.internal.Bundles - 	Entry: C:\Users\agurupandian1\.p2\pool\plugins\com.google.guava.failureaccess_1.0.2.jar
2024-05-15 16:35:18,476 [Worker-5: Launching mavenrun-32c5668e-d57c-4999-a11a-90d376e14c12] INFO  o.e.m.i.launch.MavenLaunchDelegate - Run build in "C:\Users\AGURUP~1\AppData\Local\Temp\m2e-archetypeGenerator13660973562027930790":
2024-05-15 16:35:18,484 [Worker-5: Launching mavenrun-32c5668e-d57c-4999-a11a-90d376e14c12] INFO  o.e.m.i.launch.MavenLaunchDelegate -  mvn  -DarchetypeGroupId=com.github.ywchang -DarchetypeArtifactId=maven-archetype-quickstart -DarchetypeVersion=1.1 -DgroupId=com.example -DartifactId=math_utils -Dversion=0.0.1-SNAPSHOT -Dpackage=com.example.math_utils -DoutputDirectory=C:\Users\agurupandian1\Desktop\Enhanced_Jenkins -Dstyle.color=always -U archetype:generate
2024-05-15 16:37:20,926 [Worker-9: Creating maven-archetype-quickstart] INFO  o.e.m.c.i.p.ProjectConfigurationManager - Collecting project info '/pom.xml' C:\Users\agurupandian1\Desktop\Enhanced_Jenkins\math_utils\pom.xml
2024-05-15 16:37:21,755 [Worker-9: Creating maven-archetype-quickstart] INFO  o.e.m.c.i.e.AbstractTransferListenerAdapter - Downloading https://repo.maven.apache.org/maven2/org/apache/maven/plugins/maven-surefire-plugin/3.0.0-M5/maven-surefire-plugin-3.0.0-M5.jar
2024-05-15 16:37:21,792 [Worker-9: Creating maven-archetype-quickstart] INFO  o.e.m.c.i.e.AbstractTransferListenerAdapter - Downloaded https://repo.maven.apache.org/maven2/org/apache/maven/plugins/maven-surefire-plugin/3.0.0-M5/maven-surefire-plugin-3.0.0-M5.jar
2024-05-15 16:37:24,562 [Worker-9: Creating maven-archetype-quickstart] INFO  o.e.m.c.i.l.LifecycleMappingFactory - Using org.eclipse.m2e.jdt.JarLifecycleMapping lifecycle mapping for MavenProject: com.example:math_utils:0.0.1-SNAPSHOT @ C:\Users\agurupandian1\Desktop\Enhanced_Jenkins\math_utils\pom.xml.
2024-05-15 16:37:24,601 [Worker-9: Creating maven-archetype-quickstart] INFO  o.e.m.c.i.e.AbstractTransferListenerAdapter - Downloading https://repo.maven.apache.org/maven2/org/junit/jupiter/junit-jupiter-engine/5.7.1/junit-jupiter-engine-5.7.1.pom
2024-05-15 16:37:24,611 [Worker-9: Creating maven-archetype-quickstart] INFO  o.e.m.c.i.e.AbstractTransferListenerAdapter - Downloaded https://repo.maven.apache.org/maven2/org/junit/jupiter/junit-jupiter-engine/5.7.1/junit-jupiter-engine-5.7.1.pom
2024-05-15 16:37:24,706 [Worker-9: Creating maven-archetype-quickstart] INFO  o.e.m.c.i.e.AbstractTransferListenerAdapter - Downloading https://repo.maven.apache.org/maven2/org/apiguardian/apiguardian-api/1.1.0/apiguardian-api-1.1.0.pom
2024-05-15 16:37:24,713 [Worker-9: Creating maven-archetype-quickstart] INFO  o.e.m.c.i.e.AbstractTransferListenerAdapter - Downloaded https://repo.maven.apache.org/maven2/org/apiguardian/apiguardian-api/1.1.0/apiguardian-api-1.1.0.pom
2024-05-15 16:37:24,752 [Worker-9: Creating maven-archetype-quickstart] INFO  o.e.m.c.i.e.AbstractTransferListenerAdapter - Downloading https://repo.maven.apache.org/maven2/org/junit/platform/junit-platform-engine/1.7.1/junit-platform-engine-1.7.1.pom
2024-05-15 16:37:24,758 [Worker-9: Creating maven-archetype-quickstart] INFO  o.e.m.c.i.e.AbstractTransferListenerAdapter - Downloaded https://repo.maven.apache.org/maven2/org/junit/platform/junit-platform-engine/1.7.1/junit-platform-engine-1.7.1.pom
2024-05-15 16:37:24,790 [Worker-9: Creating maven-archetype-quickstart] INFO  o.e.m.c.i.e.AbstractTransferListenerAdapter - Downloading https://repo.maven.apache.org/maven2/org/opentest4j/opentest4j/1.2.0/opentest4j-1.2.0.pom
2024-05-15 16:37:24,800 [Worker-9: Creating maven-archetype-quickstart] INFO  o.e.m.c.i.e.AbstractTransferListenerAdapter - Downloaded https://repo.maven.apache.org/maven2/org/opentest4j/opentest4j/1.2.0/opentest4j-1.2.0.pom
2024-05-15 16:37:24,835 [Worker-9: Creating maven-archetype-quickstart] INFO  o.e.m.c.i.e.AbstractTransferListenerAdapter - Downloading https://repo.maven.apache.org/maven2/org/junit/platform/junit-platform-commons/1.7.1/junit-platform-commons-1.7.1.pom
2024-05-15 16:37:24,840 [Worker-9: Creating maven-archetype-quickstart] INFO  o.e.m.c.i.e.AbstractTransferListenerAdapter - Downloaded https://repo.maven.apache.org/maven2/org/junit/platform/junit-platform-commons/1.7.1/junit-platform-commons-1.7.1.pom
2024-05-15 16:37:24,871 [Worker-9: Creating maven-archetype-quickstart] INFO  o.e.m.c.i.e.AbstractTransferListenerAdapter - Downloading https://repo.maven.apache.org/maven2/org/junit/jupiter/junit-jupiter-api/5.7.1/junit-jupiter-api-5.7.1.pom
2024-05-15 16:37:24,876 [Worker-9: Creating maven-archetype-quickstart] INFO  o.e.m.c.i.e.AbstractTransferListenerAdapter - Downloaded https://repo.maven.apache.org/maven2/org/junit/jupiter/junit-jupiter-api/5.7.1/junit-jupiter-api-5.7.1.pom
2024-05-15 16:37:24,910 [Worker-9: Creating maven-archetype-quickstart] INFO  o.e.m.c.i.e.AbstractTransferListenerAdapter - Downloading https://repo.maven.apache.org/maven2/org/junit/jupiter/junit-jupiter-params/5.7.1/junit-jupiter-params-5.7.1.pom
2024-05-15 16:37:24,914 [Worker-9: Creating maven-archetype-quickstart] INFO  o.e.m.c.i.e.AbstractTransferListenerAdapter - Downloaded https://repo.maven.apache.org/maven2/org/junit/jupiter/junit-jupiter-params/5.7.1/junit-jupiter-params-5.7.1.pom
2024-05-15 16:37:24,958 [Worker-9: Creating maven-archetype-quickstart] INFO  o.e.m.c.i.e.AbstractTransferListenerAdapter - Downloading https://repo.maven.apache.org/maven2/org/junit/jupiter/junit-jupiter-engine/5.7.1/junit-jupiter-engine-5.7.1.jar
2024-05-15 16:37:24,977 [Worker-9: Creating maven-archetype-quickstart] INFO  o.e.m.c.i.e.AbstractTransferListenerAdapter - Downloaded https://repo.maven.apache.org/maven2/org/junit/jupiter/junit-jupiter-engine/5.7.1/junit-jupiter-engine-5.7.1.jar
2024-05-15 16:37:24,991 [BasicRepositoryConnector-repo.maven.apache.org-0-1] INFO  o.e.m.c.i.e.AbstractTransferListenerAdapter - Downloading https://repo.maven.apache.org/maven2/org/junit/platform/junit-platform-engine/1.7.1/junit-platform-engine-1.7.1.jar
2024-05-15 16:37:25,006 [BasicRepositoryConnector-repo.maven.apache.org-0-1] INFO  o.e.m.c.i.e.AbstractTransferListenerAdapter - Downloaded https://repo.maven.apache.org/maven2/org/junit/platform/junit-platform-engine/1.7.1/junit-platform-engine-1.7.1.jar
2024-05-15 16:37:25,016 [BasicRepositoryConnector-repo.maven.apache.org-0-3] INFO  o.e.m.c.i.e.AbstractTransferListenerAdapter - Downloading https://repo.maven.apache.org/maven2/org/junit/platform/junit-platform-commons/1.7.1/junit-platform-commons-1.7.1.jar
2024-05-15 16:37:25,016 [BasicRepositoryConnector-repo.maven.apache.org-0-0] INFO  o.e.m.c.i.e.AbstractTransferListenerAdapter - Downloading https://repo.maven.apache.org/maven2/org/apiguardian/apiguardian-api/1.1.0/apiguardian-api-1.1.0.jar
2024-05-15 16:37:25,018 [BasicRepositoryConnector-repo.maven.apache.org-0-1] INFO  o.e.m.c.i.e.AbstractTransferListenerAdapter - Downloading https://repo.maven.apache.org/maven2/org/junit/jupiter/junit-jupiter-params/5.7.1/junit-jupiter-params-5.7.1.jar
2024-05-15 16:37:25,020 [BasicRepositoryConnector-repo.maven.apache.org-0-4] INFO  o.e.m.c.i.e.AbstractTransferListenerAdapter - Downloading https://repo.maven.apache.org/maven2/org/junit/jupiter/junit-jupiter-api/5.7.1/junit-jupiter-api-5.7.1.jar
2024-05-15 16:37:25,027 [BasicRepositoryConnector-repo.maven.apache.org-0-0] INFO  o.e.m.c.i.e.AbstractTransferListenerAdapter - Downloaded https://repo.maven.apache.org/maven2/org/apiguardian/apiguardian-api/1.1.0/apiguardian-api-1.1.0.jar
2024-05-15 16:37:25,028 [BasicRepositoryConnector-repo.maven.apache.org-0-3] INFO  o.e.m.c.i.e.AbstractTransferListenerAdapter - Downloaded https://repo.maven.apache.org/maven2/org/junit/platform/junit-platform-commons/1.7.1/junit-platform-commons-1.7.1.jar
2024-05-15 16:37:25,029 [BasicRepositoryConnector-repo.maven.apache.org-0-2] INFO  o.e.m.c.i.e.AbstractTransferListenerAdapter - Downloading https://repo.maven.apache.org/maven2/org/opentest4j/opentest4j/1.2.0/opentest4j-1.2.0.jar
2024-05-15 16:37:25,035 [BasicRepositoryConnector-repo.maven.apache.org-0-2] INFO  o.e.m.c.i.e.AbstractTransferListenerAdapter - Downloaded https://repo.maven.apache.org/maven2/org/opentest4j/opentest4j/1.2.0/opentest4j-1.2.0.jar
2024-05-15 16:37:25,041 [BasicRepositoryConnector-repo.maven.apache.org-0-4] INFO  o.e.m.c.i.e.AbstractTransferListenerAdapter - Downloaded https://repo.maven.apache.org/maven2/org/junit/jupiter/junit-jupiter-api/5.7.1/junit-jupiter-api-5.7.1.jar
2024-05-15 16:37:25,056 [BasicRepositoryConnector-repo.maven.apache.org-0-1] INFO  o.e.m.c.i.e.AbstractTransferListenerAdapter - Downloaded https://repo.maven.apache.org/maven2/org/junit/jupiter/junit-jupiter-params/5.7.1/junit-jupiter-params-5.7.1.jar
2024-05-15 16:37:25,191 [Worker-9: Creating maven-archetype-quickstart] INFO  o.e.m.c.i.e.AbstractTransferListenerAdapter - Downloading https://repo.maven.apache.org/maven2/org/apache/maven/plugins/maven-surefire-plugin/3.0.0-M5/maven-surefire-plugin-3.0.0-M5.pom
2024-05-15 16:37:25,198 [Worker-9: Creating maven-archetype-quickstart] INFO  o.e.m.c.i.e.AbstractTransferListenerAdapter - Downloaded https://repo.maven.apache.org/maven2/org/apache/maven/plugins/maven-surefire-plugin/3.0.0-M5/maven-surefire-plugin-3.0.0-M5.pom
2024-05-15 16:37:25,259 [Worker-9: Creating maven-archetype-quickstart] INFO  o.e.m.c.i.e.AbstractTransferListenerAdapter - Downloading https://repo.maven.apache.org/maven2/org/apache/maven/surefire/surefire/3.0.0-M5/surefire-3.0.0-M5.pom
2024-05-15 16:37:25,265 [Worker-9: Creating maven-archetype-quickstart] INFO  o.e.m.c.i.e.AbstractTransferListenerAdapter - Downloaded https://repo.maven.apache.org/maven2/org/apache/maven/surefire/surefire/3.0.0-M5/surefire-3.0.0-M5.pom
2024-05-15 16:37:27,597 [Worker-9: Creating maven-archetype-quickstart] INFO  o.e.m.j.i.AbstractJavaProjectConfigurator - Adding source folder /math_utils/src/main/java
2024-05-15 16:37:27,598 [Worker-9: Creating maven-archetype-quickstart] INFO  o.e.m.j.i.AbstractJavaProjectConfigurator - Adding resource folder /math_utils/src/main/resources
2024-05-15 16:37:27,632 [Worker-9: Creating maven-archetype-quickstart] INFO  o.e.m.j.i.AbstractJavaProjectConfigurator - Adding source folder /math_utils/src/test/java
2024-05-15 16:37:27,635 [Worker-9: Creating maven-archetype-quickstart] INFO  o.e.m.j.i.AbstractJavaProjectConfigurator - Adding resource folder /math_utils/src/test/resources
2024-05-15 16:37:28,064 [Worker-11: Download sources and javadoc] INFO  o.e.m.c.i.e.AbstractTransferListenerAdapter - Downloading https://repo.maven.apache.org/maven2/org/junit/jupiter/junit-jupiter-engine/5.7.1/junit-jupiter-engine-5.7.1-sources.jar
2024-05-15 16:37:28,088 [Worker-11: Download sources and javadoc] INFO  o.e.m.c.i.e.AbstractTransferListenerAdapter - Downloaded https://repo.maven.apache.org/maven2/org/junit/jupiter/junit-jupiter-engine/5.7.1/junit-jupiter-engine-5.7.1-sources.jar
2024-05-15 16:37:28,093 [Worker-11: Download sources and javadoc] INFO  o.e.m.j.internal.DownloadSourcesJob - Downloaded sources for org.junit.jupiter:junit-jupiter-engine:5.7.1
2024-05-15 16:37:28,131 [Worker-11: Download sources and javadoc] INFO  o.e.m.c.i.e.AbstractTransferListenerAdapter - Downloading https://repo.maven.apache.org/maven2/org/apiguardian/apiguardian-api/1.1.0/apiguardian-api-1.1.0-sources.jar
2024-05-15 16:37:28,136 [Worker-11: Download sources and javadoc] INFO  o.e.m.c.i.e.AbstractTransferListenerAdapter - Downloaded https://repo.maven.apache.org/maven2/org/apiguardian/apiguardian-api/1.1.0/apiguardian-api-1.1.0-sources.jar
2024-05-15 16:37:28,142 [Worker-11: Download sources and javadoc] INFO  o.e.m.j.internal.DownloadSourcesJob - Downloaded sources for org.apiguardian:apiguardian-api:1.1.0
2024-05-15 16:37:28,183 [Worker-11: Download sources and javadoc] INFO  o.e.m.c.i.e.AbstractTransferListenerAdapter - Downloading https://repo.maven.apache.org/maven2/org/junit/platform/junit-platform-engine/1.7.1/junit-platform-engine-1.7.1-sources.jar
2024-05-15 16:37:28,203 [Worker-11: Download sources and javadoc] INFO  o.e.m.c.i.e.AbstractTransferListenerAdapter - Downloaded https://repo.maven.apache.org/maven2/org/junit/platform/junit-platform-engine/1.7.1/junit-platform-engine-1.7.1-sources.jar
2024-05-15 16:37:28,219 [Worker-11: Download sources and javadoc] INFO  o.e.m.j.internal.DownloadSourcesJob - Downloaded sources for org.junit.platform:junit-platform-engine:1.7.1
2024-05-15 16:37:28,262 [Worker-11: Download sources and javadoc] INFO  o.e.m.c.i.e.AbstractTransferListenerAdapter - Downloading https://repo.maven.apache.org/maven2/org/opentest4j/opentest4j/1.2.0/opentest4j-1.2.0-sources.jar
2024-05-15 16:37:28,269 [Worker-11: Download sources and javadoc] INFO  o.e.m.c.i.e.AbstractTransferListenerAdapter - Downloaded https://repo.maven.apache.org/maven2/org/opentest4j/opentest4j/1.2.0/opentest4j-1.2.0-sources.jar
2024-05-15 16:37:28,278 [Worker-11: Download sources and javadoc] INFO  o.e.m.j.internal.DownloadSourcesJob - Downloaded sources for org.opentest4j:opentest4j:1.2.0
2024-05-15 16:37:28,316 [Worker-11: Download sources and javadoc] INFO  o.e.m.c.i.e.AbstractTransferListenerAdapter - Downloading https://repo.maven.apache.org/maven2/org/junit/platform/junit-platform-commons/1.7.1/junit-platform-commons-1.7.1-sources.jar
2024-05-15 16:37:28,332 [Worker-11: Download sources and javadoc] INFO  o.e.m.c.i.e.AbstractTransferListenerAdapter - Downloaded https://repo.maven.apache.org/maven2/org/junit/platform/junit-platform-commons/1.7.1/junit-platform-commons-1.7.1-sources.jar
2024-05-15 16:37:28,338 [Worker-11: Download sources and javadoc] INFO  o.e.m.j.internal.DownloadSourcesJob - Downloaded sources for org.junit.platform:junit-platform-commons:1.7.1
2024-05-15 16:37:28,378 [Worker-11: Download sources and javadoc] INFO  o.e.m.c.i.e.AbstractTransferListenerAdapter - Downloading https://repo.maven.apache.org/maven2/org/junit/jupiter/junit-jupiter-api/5.7.1/junit-jupiter-api-5.7.1-sources.jar
2024-05-15 16:37:28,398 [Worker-11: Download sources and javadoc] INFO  o.e.m.c.i.e.AbstractTransferListenerAdapter - Downloaded https://repo.maven.apache.org/maven2/org/junit/jupiter/junit-jupiter-api/5.7.1/junit-jupiter-api-5.7.1-sources.jar
2024-05-15 16:37:28,404 [Worker-11: Download sources and javadoc] INFO  o.e.m.j.internal.DownloadSourcesJob - Downloaded sources for org.junit.jupiter:junit-jupiter-api:5.7.1
2024-05-15 16:37:28,441 [Worker-11: Download sources and javadoc] INFO  o.e.m.c.i.e.AbstractTransferListenerAdapter - Downloading https://repo.maven.apache.org/maven2/org/junit/jupiter/junit-jupiter-params/5.7.1/junit-jupiter-params-5.7.1-sources.jar
2024-05-15 16:37:28,455 [Worker-11: Download sources and javadoc] INFO  o.e.m.c.i.e.AbstractTransferListenerAdapter - Downloaded https://repo.maven.apache.org/maven2/org/junit/jupiter/junit-jupiter-params/5.7.1/junit-jupiter-params-5.7.1-sources.jar
2024-05-15 16:37:28,461 [Worker-11: Download sources and javadoc] INFO  o.e.m.j.internal.DownloadSourcesJob - Downloaded sources for org.junit.jupiter:junit-jupiter-params:5.7.1
2024-05-15 16:37:28,603 [Worker-9: Creating maven-archetype-quickstart] INFO  o.e.m.c.i.p.ProjectConfigurationManager - Imported and configured 1 project(s) in 7 sec
2024-05-15 16:37:30,031 [Worker-16: Building] INFO  o.a.m.s.f.DefaultMavenResourcesFiltering - skip non existing resourceDirectory C:\Users\agurupandian1\Desktop\Enhanced_Jenkins\math_utils\src\main\resources
2024-05-15 16:37:30,039 [Worker-16: Building] INFO  o.a.m.s.f.DefaultMavenResourcesFiltering - skip non existing resourceDirectory C:\Users\agurupandian1\Desktop\Enhanced_Jenkins\math_utils\src\test\resources
2024-05-15 16:38:39,703 [Worker-21: Building] INFO  o.a.m.s.f.DefaultMavenResourcesFiltering - skip non existing resourceDirectory C:\Users\agurupandian1\Desktop\Enhanced_Jenkins\math_utils\src\main\resources
2024-05-15 16:38:39,706 [Worker-21: Building] INFO  o.a.m.s.f.DefaultMavenResourcesFiltering - skip non existing resourceDirectory C:\Users\agurupandian1\Desktop\Enhanced_Jenkins\math_utils\src\test\resources
2024-05-15 16:38:40,865 [Worker-6: Building] INFO  o.a.m.s.f.DefaultMavenResourcesFiltering - skip non existing resourceDirectory C:\Users\agurupandian1\Desktop\Enhanced_Jenkins\math_utils\src\main\resources
2024-05-15 16:38:40,877 [Worker-6: Building] INFO  o.a.m.s.f.DefaultMavenResourcesFiltering - skip non existing resourceDirectory C:\Users\agurupandian1\Desktop\Enhanced_Jenkins\math_utils\src\test\resources
2024-05-15 16:40:01,642 [Worker-6: Loading available Gradle versions] INFO  o.e.b.c.i.u.g.PublishedGradleVersions - Gradle version information cache is up-to-date. Trying to read.
2024-05-15 16:40:38,582 [Worker-8: Building] INFO  o.a.m.s.f.DefaultMavenResourcesFiltering - skip non existing resourceDirectory C:\Users\agurupandian1\Desktop\Enhanced_Jenkins\math_utils\src\main\resources
2024-05-15 16:40:38,597 [Worker-8: Building] INFO  o.a.m.s.f.DefaultMavenResourcesFiltering - skip non existing resourceDirectory C:\Users\agurupandian1\Desktop\Enhanced_Jenkins\math_utils\src\test\resources
2024-05-15 16:41:54,867 [Worker-10: Building] INFO  o.a.m.s.f.DefaultMavenResourcesFiltering - skip non existing resourceDirectory C:\Users\agurupandian1\Desktop\Enhanced_Jenkins\math_utils\src\main\resources
2024-05-15 16:41:54,873 [Worker-10: Building] INFO  o.a.m.s.f.DefaultMavenResourcesFiltering - skip non existing resourceDirectory C:\Users\agurupandian1\Desktop\Enhanced_Jenkins\math_utils\src\test\resources
2024-05-15 16:41:59,161 [Worker-10: Building] INFO  o.a.m.s.f.DefaultMavenResourcesFiltering - skip non existing resourceDirectory C:\Users\agurupandian1\Desktop\Enhanced_Jenkins\math_utils\src\main\resources
2024-05-15 16:41:59,168 [Worker-10: Building] INFO  o.a.m.s.f.DefaultMavenResourcesFiltering - skip non existing resourceDirectory C:\Users\agurupandian1\Desktop\Enhanced_Jenkins\math_utils\src\test\resources
2024-05-15 16:42:18,480 [Worker-19: Building] INFO  o.a.m.s.f.DefaultMavenResourcesFiltering - skip non existing resourceDirectory C:\Users\agurupandian1\Desktop\Enhanced_Jenkins\math_utils\src\main\resources
2024-05-15 16:42:18,486 [Worker-19: Building] INFO  o.a.m.s.f.DefaultMavenResourcesFiltering - skip non existing resourceDirectory C:\Users\agurupandian1\Desktop\Enhanced_Jenkins\math_utils\src\test\resources
2024-05-15 16:42:19,571 [Worker-6: Building] INFO  o.a.m.s.f.DefaultMavenResourcesFiltering - skip non existing resourceDirectory C:\Users\agurupandian1\Desktop\Enhanced_Jenkins\math_utils\src\main\resources
2024-05-15 16:42:19,575 [Worker-6: Building] INFO  o.a.m.s.f.DefaultMavenResourcesFiltering - skip non existing resourceDirectory C:\Users\agurupandian1\Desktop\Enhanced_Jenkins\math_utils\src\test\resources
2024-05-15 16:42:21,582 [Worker-13: Building] INFO  o.a.m.s.f.DefaultMavenResourcesFiltering - skip non existing resourceDirectory C:\Users\agurupandian1\Desktop\Enhanced_Jenkins\math_utils\src\main\resources
2024-05-15 16:42:21,587 [Worker-13: Building] INFO  o.a.m.s.f.DefaultMavenResourcesFiltering - skip non existing resourceDirectory C:\Users\agurupandian1\Desktop\Enhanced_Jenkins\math_utils\src\test\resources
2024-05-15 16:42:22,654 [Worker-12: Building] INFO  o.a.m.s.f.DefaultMavenResourcesFiltering - skip non existing resourceDirectory C:\Users\agurupandian1\Desktop\Enhanced_Jenkins\math_utils\src\main\resources
2024-05-15 16:42:22,661 [Worker-12: Building] INFO  o.a.m.s.f.DefaultMavenResourcesFiltering - skip non existing resourceDirectory C:\Users\agurupandian1\Desktop\Enhanced_Jenkins\math_utils\src\test\resources
2024-05-15 16:42:28,054 [Worker-6: Building] INFO  o.a.m.s.f.DefaultMavenResourcesFiltering - skip non existing resourceDirectory C:\Users\agurupandian1\Desktop\Enhanced_Jenkins\math_utils\src\main\resources
2024-05-15 16:42:28,062 [Worker-6: Building] INFO  o.a.m.s.f.DefaultMavenResourcesFiltering - skip non existing resourceDirectory C:\Users\agurupandian1\Desktop\Enhanced_Jenkins\math_utils\src\test\resources
2024-05-15 16:42:39,910 [Worker-11: Building] INFO  o.a.m.s.f.DefaultMavenResourcesFiltering - skip non existing resourceDirectory C:\Users\agurupandian1\Desktop\Enhanced_Jenkins\math_utils\src\main\resources
2024-05-15 16:42:39,917 [Worker-11: Building] INFO  o.a.m.s.f.DefaultMavenResourcesFiltering - skip non existing resourceDirectory C:\Users\agurupandian1\Desktop\Enhanced_Jenkins\math_utils\src\test\resources
2024-05-15 16:42:43,922 [Worker-20: Building] INFO  o.a.m.s.f.DefaultMavenResourcesFiltering - skip non existing resourceDirectory C:\Users\agurupandian1\Desktop\Enhanced_Jenkins\math_utils\src\main\resources
2024-05-15 16:42:43,929 [Worker-20: Building] INFO  o.a.m.s.f.DefaultMavenResourcesFiltering - skip non existing resourceDirectory C:\Users\agurupandian1\Desktop\Enhanced_Jenkins\math_utils\src\test\resources
2024-05-15 16:43:03,132 [Worker-15: Building] INFO  o.a.m.s.f.DefaultMavenResourcesFiltering - skip non existing resourceDirectory C:\Users\agurupandian1\Desktop\Enhanced_Jenkins\math_utils\src\main\resources
2024-05-15 16:43:03,134 [Worker-15: Building] INFO  o.a.m.s.f.DefaultMavenResourcesFiltering - skip non existing resourceDirectory C:\Users\agurupandian1\Desktop\Enhanced_Jenkins\math_utils\src\test\resources
2024-05-15 16:43:06,340 [Worker-12: Building] INFO  o.a.m.s.f.DefaultMavenResourcesFiltering - skip non existing resourceDirectory C:\Users\agurupandian1\Desktop\Enhanced_Jenkins\math_utils\src\main\resources
2024-05-15 16:43:06,343 [Worker-12: Building] INFO  o.a.m.s.f.DefaultMavenResourcesFiltering - skip non existing resourceDirectory C:\Users\agurupandian1\Desktop\Enhanced_Jenkins\math_utils\src\test\resources
2024-05-15 16:43:07,370 [Worker-19: Building] INFO  o.a.m.s.f.DefaultMavenResourcesFiltering - skip non existing resourceDirectory C:\Users\agurupandian1\Desktop\Enhanced_Jenkins\math_utils\src\main\resources
2024-05-15 16:43:07,375 [Worker-19: Building] INFO  o.a.m.s.f.DefaultMavenResourcesFiltering - skip non existing resourceDirectory C:\Users\agurupandian1\Desktop\Enhanced_Jenkins\math_utils\src\test\resources
2024-05-15 16:43:18,752 [Worker-1: Building] INFO  o.a.m.s.f.DefaultMavenResourcesFiltering - skip non existing resourceDirectory C:\Users\agurupandian1\Desktop\Enhanced_Jenkins\math_utils\src\main\resources
2024-05-15 16:43:18,755 [Worker-1: Building] INFO  o.a.m.s.f.DefaultMavenResourcesFiltering - skip non existing resourceDirectory C:\Users\agurupandian1\Desktop\Enhanced_Jenkins\math_utils\src\test\resources
2024-05-15 16:43:19,790 [Worker-2: Building] INFO  o.a.m.s.f.DefaultMavenResourcesFiltering - skip non existing resourceDirectory C:\Users\agurupandian1\Desktop\Enhanced_Jenkins\math_utils\src\main\resources
2024-05-15 16:43:19,793 [Worker-2: Building] INFO  o.a.m.s.f.DefaultMavenResourcesFiltering - skip non existing resourceDirectory C:\Users\agurupandian1\Desktop\Enhanced_Jenkins\math_utils\src\test\resources
2024-05-15 16:43:21,871 [Worker-11: Building] INFO  o.a.m.s.f.DefaultMavenResourcesFiltering - skip non existing resourceDirectory C:\Users\agurupandian1\Desktop\Enhanced_Jenkins\math_utils\src\main\resources
2024-05-15 16:43:21,874 [Worker-11: Building] INFO  o.a.m.s.f.DefaultMavenResourcesFiltering - skip non existing resourceDirectory C:\Users\agurupandian1\Desktop\Enhanced_Jenkins\math_utils\src\test\resources
2024-05-15 16:43:42,009 [Worker-15: Building] INFO  o.a.m.s.f.DefaultMavenResourcesFiltering - skip non existing resourceDirectory C:\Users\agurupandian1\Desktop\Enhanced_Jenkins\math_utils\src\main\resources
2024-05-15 16:43:42,013 [Worker-15: Building] INFO  o.a.m.s.f.DefaultMavenResourcesFiltering - skip non existing resourceDirectory C:\Users\agurupandian1\Desktop\Enhanced_Jenkins\math_utils\src\test\resources
2024-05-15 16:44:10,527 [Worker-10: Building] INFO  o.a.m.s.f.DefaultMavenResourcesFiltering - skip non existing resourceDirectory C:\Users\agurupandian1\Desktop\Enhanced_Jenkins\math_utils\src\main\resources
2024-05-15 16:44:10,531 [Worker-10: Building] INFO  o.a.m.s.f.DefaultMavenResourcesFiltering - skip non existing resourceDirectory C:\Users\agurupandian1\Desktop\Enhanced_Jenkins\math_utils\src\test\resources
2024-05-15 16:44:11,602 [Worker-3: Building] INFO  o.a.m.s.f.DefaultMavenResourcesFiltering - skip non existing resourceDirectory C:\Users\agurupandian1\Desktop\Enhanced_Jenkins\math_utils\src\main\resources
2024-05-15 16:44:11,606 [Worker-3: Building] INFO  o.a.m.s.f.DefaultMavenResourcesFiltering - skip non existing resourceDirectory C:\Users\agurupandian1\Desktop\Enhanced_Jenkins\math_utils\src\test\resources
2024-05-15 16:44:19,327 [Worker-15: Building] INFO  o.a.m.s.f.DefaultMavenResourcesFiltering - skip non existing resourceDirectory C:\Users\agurupandian1\Desktop\Enhanced_Jenkins\math_utils\src\main\resources
2024-05-15 16:44:19,331 [Worker-15: Building] INFO  o.a.m.s.f.DefaultMavenResourcesFiltering - skip non existing resourceDirectory C:\Users\agurupandian1\Desktop\Enhanced_Jenkins\math_utils\src\test\resources
2024-05-15 16:44:20,373 [Worker-15: Building] INFO  o.a.m.s.f.DefaultMavenResourcesFiltering - skip non existing resourceDirectory C:\Users\agurupandian1\Desktop\Enhanced_Jenkins\math_utils\src\main\resources
2024-05-15 16:44:20,375 [Worker-15: Building] INFO  o.a.m.s.f.DefaultMavenResourcesFiltering - skip non existing resourceDirectory C:\Users\agurupandian1\Desktop\Enhanced_Jenkins\math_utils\src\test\resources
2024-05-15 16:48:51,215 [Worker-20: Building] INFO  o.a.m.s.f.DefaultMavenResourcesFiltering - skip non existing resourceDirectory C:\Users\agurupandian1\Desktop\Enhanced_Jenkins\math_utils\src\main\resources
2024-05-15 16:48:51,222 [Worker-20: Building] INFO  o.a.m.s.f.DefaultMavenResourcesFiltering - skip non existing resourceDirectory C:\Users\agurupandian1\Desktop\Enhanced_Jenkins\math_utils\src\test\resources
2024-05-15 16:48:52,252 [Worker-23: Building] INFO  o.a.m.s.f.DefaultMavenResourcesFiltering - skip non existing resourceDirectory C:\Users\agurupandian1\Desktop\Enhanced_Jenkins\math_utils\src\main\resources
2024-05-15 16:48:52,256 [Worker-23: Building] INFO  o.a.m.s.f.DefaultMavenResourcesFiltering - skip non existing resourceDirectory C:\Users\agurupandian1\Desktop\Enhanced_Jenkins\math_utils\src\test\resources
2024-05-15 16:49:01,322 [Worker-22: Building] INFO  o.a.m.s.f.DefaultMavenResourcesFiltering - skip non existing resourceDirectory C:\Users\agurupandian1\Desktop\Enhanced_Jenkins\math_utils\src\main\resources
2024-05-15 16:49:01,328 [Worker-22: Building] INFO  o.a.m.s.f.DefaultMavenResourcesFiltering - skip non existing resourceDirectory C:\Users\agurupandian1\Desktop\Enhanced_Jenkins\math_utils\src\test\resources
2024-05-15 16:49:02,389 [Worker-22: Building] INFO  o.a.m.s.f.DefaultMavenResourcesFiltering - skip non existing resourceDirectory C:\Users\agurupandian1\Desktop\Enhanced_Jenkins\math_utils\src\main\resources
2024-05-15 16:49:02,392 [Worker-22: Building] INFO  o.a.m.s.f.DefaultMavenResourcesFiltering - skip non existing resourceDirectory C:\Users\agurupandian1\Desktop\Enhanced_Jenkins\math_utils\src\test\resources
2024-05-15 16:50:29,271 [Worker-2: Building] INFO  o.a.m.s.f.DefaultMavenResourcesFiltering - skip non existing resourceDirectory C:\Users\agurupandian1\Desktop\Enhanced_Jenkins\math_utils\src\main\resources
2024-05-15 16:50:29,277 [Worker-2: Building] INFO  o.a.m.s.f.DefaultMavenResourcesFiltering - skip non existing resourceDirectory C:\Users\agurupandian1\Desktop\Enhanced_Jenkins\math_utils\src\test\resources
2024-05-15 16:55:49,770 [Worker-0: Loading available Gradle versions] INFO  o.e.b.c.i.u.g.PublishedGradleVersions - Gradle version information cache is up-to-date. Trying to read.
2024-05-15 16:56:47,196 [Worker-6: Building] INFO  o.a.m.s.f.DefaultMavenResourcesFiltering - skip non existing resourceDirectory C:\Users\agurupandian1\Desktop\Enhanced_Jenkins\math_utils\src\main\resources
2024-05-15 16:56:47,211 [Worker-6: Building] INFO  o.a.m.s.f.DefaultMavenResourcesFiltering - skip non existing resourceDirectory C:\Users\agurupandian1\Desktop\Enhanced_Jenkins\math_utils\src\test\resources
2024-05-15 16:57:19,905 [Worker-13: Building] INFO  o.a.m.s.f.DefaultMavenResourcesFiltering - skip non existing resourceDirectory C:\Users\agurupandian1\Desktop\Enhanced_Jenkins\math_utils\src\main\resources
2024-05-15 16:57:19,914 [Worker-13: Building] INFO  o.a.m.s.f.DefaultMavenResourcesFiltering - skip non existing resourceDirectory C:\Users\agurupandian1\Desktop\Enhanced_Jenkins\math_utils\src\test\resources
2024-05-15 16:57:36,096 [Worker-12: Building] INFO  o.a.m.s.f.DefaultMavenResourcesFiltering - skip non existing resourceDirectory C:\Users\agurupandian1\Desktop\Enhanced_Jenkins\math_utils\src\main\resources
2024-05-15 16:57:36,103 [Worker-12: Building] INFO  o.a.m.s.f.DefaultMavenResourcesFiltering - skip non existing resourceDirectory C:\Users\agurupandian1\Desktop\Enhanced_Jenkins\math_utils\src\test\resources
2024-05-15 16:58:06,453 [Worker-6: Launching com.example.math_utils] INFO  o.e.m.c.i.e.AbstractTransferListenerAdapter - Downloading https://repo.maven.apache.org/maven2/org/junit/platform/junit-platform-launcher/1.7.1/junit-platform-launcher-1.7.1.jar
2024-05-15 16:58:06,531 [Worker-6: Launching com.example.math_utils] INFO  o.e.m.c.i.e.AbstractTransferListenerAdapter - Downloaded https://repo.maven.apache.org/maven2/org/junit/platform/junit-platform-launcher/1.7.1/junit-platform-launcher-1.7.1.jar
2024-05-15 16:59:31,868 [Worker-18: Building] INFO  o.a.m.s.f.DefaultMavenResourcesFiltering - skip non existing resourceDirectory C:\Users\agurupandian1\Desktop\Enhanced_Jenkins\math_utils\src\main\resources
2024-05-15 16:59:31,877 [Worker-18: Building] INFO  o.a.m.s.f.DefaultMavenResourcesFiltering - skip non existing resourceDirectory C:\Users\agurupandian1\Desktop\Enhanced_Jenkins\math_utils\src\test\resources
2024-05-15 17:00:07,434 [Worker-7: Building] INFO  o.a.m.s.f.DefaultMavenResourcesFiltering - skip non existing resourceDirectory C:\Users\agurupandian1\Desktop\Enhanced_Jenkins\math_utils\src\main\resources
2024-05-15 17:00:07,444 [Worker-7: Building] INFO  o.a.m.s.f.DefaultMavenResourcesFiltering - skip non existing resourceDirectory C:\Users\agurupandian1\Desktop\Enhanced_Jenkins\math_utils\src\test\resources
2024-05-15 17:00:18,725 [Worker-19: Building] INFO  o.a.m.s.f.DefaultMavenResourcesFiltering - skip non existing resourceDirectory C:\Users\agurupandian1\Desktop\Enhanced_Jenkins\math_utils\src\main\resources
2024-05-15 17:00:18,737 [Worker-19: Building] INFO  o.a.m.s.f.DefaultMavenResourcesFiltering - skip non existing resourceDirectory C:\Users\agurupandian1\Desktop\Enhanced_Jenkins\math_utils\src\test\resources
2024-05-15 17:01:16,359 [Worker-7: Launching MathUtilsTest] INFO  o.a.m.s.f.DefaultMavenResourcesFiltering - skip non existing resourceDirectory C:\Users\agurupandian1\Desktop\Enhanced_Jenkins\math_utils\src\main\resources
2024-05-15 17:01:16,362 [Worker-7: Launching MathUtilsTest] INFO  o.a.m.s.f.DefaultMavenResourcesFiltering - skip non existing resourceDirectory C:\Users\agurupandian1\Desktop\Enhanced_Jenkins\math_utils\src\test\resources
2024-05-15 17:17:58,938 [Worker-16: Launching MathUtilsTest] INFO  o.a.m.s.f.DefaultMavenResourcesFiltering - skip non existing resourceDirectory C:\Users\agurupandian1\Desktop\Enhanced_Jenkins\math_utils\src\main\resources
2024-05-15 17:17:58,948 [Worker-16: Launching MathUtilsTest] INFO  o.a.m.s.f.DefaultMavenResourcesFiltering - skip non existing resourceDirectory C:\Users\agurupandian1\Desktop\Enhanced_Jenkins\math_utils\src\test\resources
2024-05-15 17:20:44,247 [Worker-7: Launching MathUtilsTest] INFO  o.a.m.s.f.DefaultMavenResourcesFiltering - skip non existing resourceDirectory C:\Users\agurupandian1\Desktop\Enhanced_Jenkins\math_utils\src\main\resources
2024-05-15 17:20:44,259 [Worker-7: Launching MathUtilsTest] INFO  o.a.m.s.f.DefaultMavenResourcesFiltering - skip non existing resourceDirectory C:\Users\agurupandian1\Desktop\Enhanced_Jenkins\math_utils\src\test\resources
2024-05-15 17:33:20,673 [main] INFO  o.e.m2e.actions.ExecutePomAction - Creating new launch configuration
